  Clock.cpp
Clock.cpp(7): warning C4244: '=': conversion from 'float' to 'unsigned int', possible loss of data
Clock.cpp(8): warning C4244: '=': conversion from 'float' to 'unsigned int', possible loss of data
Clock.cpp(28): warning C4244: '=': conversion from 'unsigned int' to 'float', possible loss of data
Clock.cpp(29): warning C4244: '=': conversion from 'unsigned int' to 'float', possible loss of data
Clock.cpp(92): warning C4244: 'argument': conversion from 'float' to 'unsigned int', possible loss of data
Clock.cpp(112): warning C4244: 'initializing': conversion from 'float' to 'int', possible loss of data
Clock.cpp(116): warning C4244: '=': conversion from 'double' to 'float', possible loss of data
Clock.cpp(117): warning C4244: '=': conversion from 'double' to 'float', possible loss of data
Clock.cpp(124): warning C4244: '=': conversion from 'float' to 'int', possible loss of data
Clock.cpp(213): warning C4244: 'argument': conversion from 'unsigned int' to 'float', possible loss of data
Clock.cpp(235): warning C4244: '=': conversion from 'float' to 'unsigned int', possible loss of data
Clock.cpp(236): warning C4244: '=': conversion from 'float' to 'unsigned int', possible loss of data
Clock.cpp(242): warning C4244: '=': conversion from 'unsigned int' to 'float', possible loss of data
Clock.cpp(243): warning C4244: '=': conversion from 'unsigned int' to 'float', possible loss of data
Clock.cpp(248): warning C4244: 'argument': conversion from 'float' to 'int', possible loss of data
Clock.cpp(265): warning C4244: 'return': conversion from 'double' to 'float', possible loss of data
Clock.cpp(269): warning C4244: 'return': conversion from 'double' to 'float', possible loss of data
  Generating code
  8 of 158 functions ( 5.1%) were compiled, the rest were copied from previous compilation.
    0 functions were new in current compilation
    0 functions had inline decision re-evaluated but remain unchanged
  Finished generating code
  AnalogClock.vcxproj -> C:\Users\Just_Zack\Desktop\VS\AnalogClock\x64\Release\AnalogClock.exe
  AnalogClock.vcxproj -> C:\Users\Just_Zack\Desktop\VS\AnalogClock\x64\Release\AnalogClock.pdb (Full PDB)
